2023-06-14 18:14:12.756 +02:00 [INF] User profile is available. Using 'C:\Users\yahya\AppData\Local\ASP.NET\DataProtection-Keys' as key repository and Windows DPAPI to encrypt keys at rest.
2023-06-14 18:14:15.220 +02:00 [INF] Now listening on: http://localhost:5291
2023-06-14 18:14:15.235 +02:00 [INF] Application started. Press Ctrl+C to shut down.
2023-06-14 18:14:15.236 +02:00 [INF] Hosting environment: Development
2023-06-14 18:14:15.237 +02:00 [INF] Content root path: C:\Users\yahya\source\repos\DotNetEnglishP7\DotNetEnglishP7\DotNetEnglishP7
2023-06-14 18:14:21.374 +02:00 [INF] Request starting HTTP/1.1 GET http://localhost:5291/swagger/index.html - -
2023-06-14 18:14:24.802 +02:00 [INF] Request finished HTTP/1.1 GET http://localhost:5291/swagger/index.html - - - 200 - text/html;charset=utf-8 3441.4847ms
2023-06-14 18:14:25.020 +02:00 [INF] Request starting HTTP/1.1 GET http://localhost:5291/_vs/browserLink - -
2023-06-14 18:14:25.052 +02:00 [INF] Request starting HTTP/1.1 GET http://localhost:5291/_framework/aspnetcore-browser-refresh.js - -
2023-06-14 18:14:25.260 +02:00 [INF] Request finished HTTP/1.1 GET http://localhost:5291/_framework/aspnetcore-browser-refresh.js - - - 200 12000 application/javascript;+charset=utf-8 219.6477ms
2023-06-14 18:14:25.680 +02:00 [INF] Request finished HTTP/1.1 GET http://localhost:5291/_vs/browserLink - - - 200 - text/javascript;+charset=UTF-8 658.7481ms
2023-06-14 18:14:25.818 +02:00 [INF] Request starting HTTP/1.1 GET http://localhost:5291/swagger/v1/swagger.json - -
2023-06-14 18:14:26.317 +02:00 [INF] Request finished HTTP/1.1 GET http://localhost:5291/swagger/v1/swagger.json - - - 200 - application/json;charset=utf-8 498.7851ms
2023-06-14 18:14:46.844 +02:00 [INF] Request starting HTTP/1.1 POST http://localhost:5291/user/login application/json 55
2023-06-14 18:14:46.857 +02:00 [WRN] Failed to determine the https port for redirect.
2023-06-14 18:14:46.863 +02:00 [INF] Executing endpoint 'Dot.Net.WebApi.Controllers.UserController.Login (DotNetEnglishP7)'
2023-06-14 18:14:46.938 +02:00 [INF] Route matched with {action = "Login", controller = "User"}. Executing controller action with signature System.Threading.Tasks.Task`1[Microsoft.AspNetCore.Mvc.IActionResult] Login(DotNetEnglishP7.Identity.LoginUser) on controller Dot.Net.WebApi.Controllers.UserController (DotNetEnglishP7).
2023-06-14 18:14:48.242 +02:00 [INF] Executed DbCommand (47ms) [Parameters=[@__normalizedUserName_0='?' (Size = 256)], CommandType='"Text"', CommandTimeout='30']
SELECT TOP(1) [u].[Id], [u].[AccessFailedCount], [u].[ConcurrencyStamp], [u].[Email], [u].[EmailConfirmed], [u].[FullName], [u].[LockoutEnabled], [u].[LockoutEnd], [u].[NormalizedEmail], [u].[NormalizedUserName], [u].[PasswordHash], [u].[PhoneNumber], [u].[PhoneNumberConfirmed], [u].[SecurityStamp], [u].[TwoFactorEnabled], [u].[UserName]
FROM [Users] AS [u]
WHERE [u].[NormalizedUserName] = @__normalizedUserName_0
2023-06-14 18:14:48.474 +02:00 [INF] Executed DbCommand (32ms) [Parameters=[@__user_Id_0='?' (DbType = Int32)], CommandType='"Text"', CommandTimeout='30']
SELECT [a].[Id], [a].[ClaimType], [a].[ClaimValue], [a].[UserId]
FROM [AspNetUserClaims] AS [a]
WHERE [a].[UserId] = @__user_Id_0
2023-06-14 18:14:48.495 +02:00 [INF] Executed DbCommand (4ms) [Parameters=[@__userId_0='?' (DbType = Int32)], CommandType='"Text"', CommandTimeout='30']
SELECT [a0].[Name]
FROM [AspNetUserRoles] AS [a]
INNER JOIN [AspNetRoles] AS [a0] ON [a].[RoleId] = [a0].[Id]
WHERE [a].[UserId] = @__userId_0
2023-06-14 18:14:48.508 +02:00 [INF] AuthenticationScheme: Identity.Application signed in.
2023-06-14 18:14:48.511 +02:00 [INF] UNKNOWN : /user/login : User logged successfully.
2023-06-14 18:14:48.518 +02:00 [INF] Executing StatusCodeResult, setting HTTP status code 200
2023-06-14 18:14:48.522 +02:00 [INF] Executed action Dot.Net.WebApi.Controllers.UserController.Login (DotNetEnglishP7) in 1579.8216ms
2023-06-14 18:14:48.523 +02:00 [INF] Executed endpoint 'Dot.Net.WebApi.Controllers.UserController.Login (DotNetEnglishP7)'
2023-06-14 18:14:48.525 +02:00 [INF] HTTP POST /user/login responded 200 in 1670.6320 ms
2023-06-14 18:14:48.533 +02:00 [INF] Request finished HTTP/1.1 POST http://localhost:5291/user/login application/json 55 - 200 0 - 1690.0239ms
2023-06-14 18:14:55.954 +02:00 [INF] Request starting HTTP/1.1 GET http://localhost:5291/user/list - -
2023-06-14 18:14:55.993 +02:00 [INF] Executing endpoint 'Dot.Net.WebApi.Controllers.UserController.Home (DotNetEnglishP7)'
2023-06-14 18:14:55.999 +02:00 [INF] Route matched with {action = "Home", controller = "User"}. Executing controller action with signature System.Threading.Tasks.Task`1[Microsoft.AspNetCore.Mvc.IActionResult] Home() on controller Dot.Net.WebApi.Controllers.UserController (DotNetEnglishP7).
2023-06-14 18:14:56.256 +02:00 [INF] Executed DbCommand (9ms) [Parameters=[], CommandType='"Text"', CommandTimeout='30']
SELECT [u].[Id], [u].[AccessFailedCount], [u].[ConcurrencyStamp], [u].[Email], [u].[EmailConfirmed], [u].[FullName], [u].[LockoutEnabled], [u].[LockoutEnd], [u].[NormalizedEmail], [u].[NormalizedUserName], [u].[PasswordHash], [u].[PhoneNumber], [u].[PhoneNumberConfirmed], [u].[SecurityStamp], [u].[TwoFactorEnabled], [u].[UserName]
FROM [Users] AS [u]
2023-06-14 18:14:56.323 +02:00 [INF] 2 : /user/list : List of users retrieved successfully.
2023-06-14 18:14:56.328 +02:00 [INF] Executing OkObjectResult, writing value of type 'System.Collections.Generic.List`1[[DotNetEnglishP7.Domain.User, DotNetEnglishP7, Version=1.0.0.0, Culture=neutral, PublicKeyToken=null]]'.
2023-06-14 18:14:56.335 +02:00 [INF] Executed action Dot.Net.WebApi.Controllers.UserController.Home (DotNetEnglishP7) in 335.1265ms
2023-06-14 18:14:56.336 +02:00 [INF] Executed endpoint 'Dot.Net.WebApi.Controllers.UserController.Home (DotNetEnglishP7)'
2023-06-14 18:14:56.338 +02:00 [INF] HTTP GET /user/list responded 200 in 363.8390 ms
2023-06-14 18:14:56.340 +02:00 [INF] Request finished HTTP/1.1 GET http://localhost:5291/user/list - - - 200 - application/json;+charset=utf-8 385.4956ms
2023-06-14 18:15:04.034 +02:00 [INF] Request starting HTTP/1.1 GET http://localhost:5291/rating/list - -
2023-06-14 18:15:04.039 +02:00 [INF] Executing endpoint 'Dot.Net.WebApi.Controllers.RatingController.Home (DotNetEnglishP7)'
2023-06-14 18:15:04.042 +02:00 [INF] Route matched with {action = "Home", controller = "Rating"}. Executing controller action with signature System.Threading.Tasks.Task`1[Microsoft.AspNetCore.Mvc.IActionResult] Home() on controller Dot.Net.WebApi.Controllers.RatingController (DotNetEnglishP7).
2023-06-14 18:15:04.072 +02:00 [INF] Executed DbCommand (7ms) [Parameters=[@__p_0='?' (DbType = Int32)], CommandType='"Text"', CommandTimeout='30']
SELECT TOP(1) [u].[Id], [u].[AccessFailedCount], [u].[ConcurrencyStamp], [u].[Email], [u].[EmailConfirmed], [u].[FullName], [u].[LockoutEnabled], [u].[LockoutEnd], [u].[NormalizedEmail], [u].[NormalizedUserName], [u].[PasswordHash], [u].[PhoneNumber], [u].[PhoneNumberConfirmed], [u].[SecurityStamp], [u].[TwoFactorEnabled], [u].[UserName]
FROM [Users] AS [u]
WHERE [u].[Id] = @__p_0
2023-06-14 18:15:04.074 +02:00 [INF] 2 : /rating/list : List of Ratings retrieved successfully.
2023-06-14 18:15:04.105 +02:00 [ERR] An exception occurred while iterating over the results of a query for context type 'Dot.Net.WebApi.Data.LocalDbContext'.
System.InvalidOperationException: A second operation was started on this context instance before a previous operation completed. This is usually caused by different threads concurrently using the same instance of DbContext. For more information on how to avoid threading issues with DbContext, see https://go.microsoft.com/fwlink/?linkid=2097913.
   at Microsoft.EntityFrameworkCore.Infrastructure.Internal.ConcurrencyDetector.EnterCriticalSection()
   at Microsoft.EntityFrameworkCore.Query.Internal.SingleQueryingEnumerable`1.AsyncEnumerator.MoveNextAsync()
System.InvalidOperationException: A second operation was started on this context instance before a previous operation completed. This is usually caused by different threads concurrently using the same instance of DbContext. For more information on how to avoid threading issues with DbContext, see https://go.microsoft.com/fwlink/?linkid=2097913.
   at Microsoft.EntityFrameworkCore.Infrastructure.Internal.ConcurrencyDetector.EnterCriticalSection()
   at Microsoft.EntityFrameworkCore.Query.Internal.SingleQueryingEnumerable`1.AsyncEnumerator.MoveNextAsync()
2023-06-14 18:15:04.208 +02:00 [INF] Executed action Dot.Net.WebApi.Controllers.RatingController.Home (DotNetEnglishP7) in 164.1403ms
2023-06-14 18:15:04.210 +02:00 [INF] Executed endpoint 'Dot.Net.WebApi.Controllers.RatingController.Home (DotNetEnglishP7)'
2023-06-14 18:15:04.211 +02:00 [ERR] HTTP GET /rating/list responded 500 in 172.9770 ms
System.InvalidOperationException: A second operation was started on this context instance before a previous operation completed. This is usually caused by different threads concurrently using the same instance of DbContext. For more information on how to avoid threading issues with DbContext, see https://go.microsoft.com/fwlink/?linkid=2097913.
   at Microsoft.EntityFrameworkCore.Infrastructure.Internal.ConcurrencyDetector.EnterCriticalSection()
   at Microsoft.EntityFrameworkCore.Query.Internal.SingleQueryingEnumerable`1.AsyncEnumerator.MoveNextAsync()
   at Microsoft.EntityFrameworkCore.EntityFrameworkQueryableExtensions.ToListAsync[TSource](IQueryable`1 source, CancellationToken cancellationToken)
   at Microsoft.EntityFrameworkCore.EntityFrameworkQueryableExtensions.ToListAsync[TSource](IQueryable`1 source, CancellationToken cancellationToken)
   at DotNetEnglishP7.Repositories.RatingRepository.GetAllAsync() in C:\Users\yahya\source\repos\DotNetEnglishP7\DotNetEnglishP7\DotNetEnglishP7\Repositories\RatingRepository.cs:line 41
   at DotNetEnglishP7.Services.RatingService.GetAllAsync() in C:\Users\yahya\source\repos\DotNetEnglishP7\DotNetEnglishP7\DotNetEnglishP7\Services\RatingService.cs:line 28
   at Dot.Net.WebApi.Controllers.RatingController.Home() in C:\Users\yahya\source\repos\DotNetEnglishP7\DotNetEnglishP7\DotNetEnglishP7\Controllers\RatingController.cs:line 33
   at Microsoft.AspNetCore.Mvc.Infrastructure.ActionMethodExecutor.TaskOfIActionResultExecutor.Execute(ActionContext actionContext, IActionResultTypeMapper mapper, ObjectMethodExecutor executor, Object controller, Object[] arguments)
   at Microsoft.AspNetCore.Mvc.Infrastructure.ControllerActionInvoker.<InvokeActionMethodAsync>g__Awaited|12_0(ControllerActionInvoker invoker, ValueTask`1 actionResultValueTask)
   at Microsoft.AspNetCore.Mvc.Infrastructure.ControllerActionInvoker.<InvokeNextActionFilterAsync>g__Awaited|10_0(ControllerActionInvoker invoker, Task lastTask, State next, Scope scope, Object state, Boolean isCompleted)
   at Microsoft.AspNetCore.Mvc.Infrastructure.ControllerActionInvoker.Rethrow(ActionExecutedContextSealed context)
   at Microsoft.AspNetCore.Mvc.Infrastructure.ControllerActionInvoker.Next(State& next, Scope& scope, Object& state, Boolean& isCompleted)
   at Microsoft.AspNetCore.Mvc.Infrastructure.ControllerActionInvoker.InvokeInnerFilterAsync()
--- End of stack trace from previous location ---
   at Microsoft.AspNetCore.Mvc.Infrastructure.ResourceInvoker.<InvokeNextResourceFilter>g__Awaited|25_0(ResourceInvoker invoker, Task lastTask, State next, Scope scope, Object state, Boolean isCompleted)
   at Microsoft.AspNetCore.Mvc.Infrastructure.ResourceInvoker.Rethrow(ResourceExecutedContextSealed context)
   at Microsoft.AspNetCore.Mvc.Infrastructure.ResourceInvoker.Next(State& next, Scope& scope, Object& state, Boolean& isCompleted)
   at Microsoft.AspNetCore.Mvc.Infrastructure.ResourceInvoker.InvokeFilterPipelineAsync()
--- End of stack trace from previous location ---
   at Microsoft.AspNetCore.Mvc.Infrastructure.ResourceInvoker.<InvokeAsync>g__Logged|17_1(ResourceInvoker invoker)
   at Microsoft.AspNetCore.Mvc.Infrastructure.ResourceInvoker.<InvokeAsync>g__Logged|17_1(ResourceInvoker invoker)
   at Microsoft.AspNetCore.Routing.EndpointMiddleware.<Invoke>g__AwaitRequestTask|6_0(Endpoint endpoint, Task requestTask, ILogger logger)
   at Microsoft.AspNetCore.Authorization.AuthorizationMiddleware.Invoke(HttpContext context)
   at Serilog.AspNetCore.RequestLoggingMiddleware.Invoke(HttpContext httpContext)
2023-06-14 18:15:04.247 +02:00 [ERR] An unhandled exception has occurred while executing the request.
System.InvalidOperationException: A second operation was started on this context instance before a previous operation completed. This is usually caused by different threads concurrently using the same instance of DbContext. For more information on how to avoid threading issues with DbContext, see https://go.microsoft.com/fwlink/?linkid=2097913.
   at Microsoft.EntityFrameworkCore.Infrastructure.Internal.ConcurrencyDetector.EnterCriticalSection()
   at Microsoft.EntityFrameworkCore.Query.Internal.SingleQueryingEnumerable`1.AsyncEnumerator.MoveNextAsync()
   at Microsoft.EntityFrameworkCore.EntityFrameworkQueryableExtensions.ToListAsync[TSource](IQueryable`1 source, CancellationToken cancellationToken)
   at Microsoft.EntityFrameworkCore.EntityFrameworkQueryableExtensions.ToListAsync[TSource](IQueryable`1 source, CancellationToken cancellationToken)
   at DotNetEnglishP7.Repositories.RatingRepository.GetAllAsync() in C:\Users\yahya\source\repos\DotNetEnglishP7\DotNetEnglishP7\DotNetEnglishP7\Repositories\RatingRepository.cs:line 41
   at DotNetEnglishP7.Services.RatingService.GetAllAsync() in C:\Users\yahya\source\repos\DotNetEnglishP7\DotNetEnglishP7\DotNetEnglishP7\Services\RatingService.cs:line 28
   at Dot.Net.WebApi.Controllers.RatingController.Home() in C:\Users\yahya\source\repos\DotNetEnglishP7\DotNetEnglishP7\DotNetEnglishP7\Controllers\RatingController.cs:line 33
   at Microsoft.AspNetCore.Mvc.Infrastructure.ActionMethodExecutor.TaskOfIActionResultExecutor.Execute(ActionContext actionContext, IActionResultTypeMapper mapper, ObjectMethodExecutor executor, Object controller, Object[] arguments)
   at Microsoft.AspNetCore.Mvc.Infrastructure.ControllerActionInvoker.<InvokeActionMethodAsync>g__Awaited|12_0(ControllerActionInvoker invoker, ValueTask`1 actionResultValueTask)
   at Microsoft.AspNetCore.Mvc.Infrastructure.ControllerActionInvoker.<InvokeNextActionFilterAsync>g__Awaited|10_0(ControllerActionInvoker invoker, Task lastTask, State next, Scope scope, Object state, Boolean isCompleted)
   at Microsoft.AspNetCore.Mvc.Infrastructure.ControllerActionInvoker.Rethrow(ActionExecutedContextSealed context)
   at Microsoft.AspNetCore.Mvc.Infrastructure.ControllerActionInvoker.Next(State& next, Scope& scope, Object& state, Boolean& isCompleted)
   at Microsoft.AspNetCore.Mvc.Infrastructure.ControllerActionInvoker.InvokeInnerFilterAsync()
--- End of stack trace from previous location ---
   at Microsoft.AspNetCore.Mvc.Infrastructure.ResourceInvoker.<InvokeNextResourceFilter>g__Awaited|25_0(ResourceInvoker invoker, Task lastTask, State next, Scope scope, Object state, Boolean isCompleted)
   at Microsoft.AspNetCore.Mvc.Infrastructure.ResourceInvoker.Rethrow(ResourceExecutedContextSealed context)
   at Microsoft.AspNetCore.Mvc.Infrastructure.ResourceInvoker.Next(State& next, Scope& scope, Object& state, Boolean& isCompleted)
   at Microsoft.AspNetCore.Mvc.Infrastructure.ResourceInvoker.InvokeFilterPipelineAsync()
--- End of stack trace from previous location ---
   at Microsoft.AspNetCore.Mvc.Infrastructure.ResourceInvoker.<InvokeAsync>g__Logged|17_1(ResourceInvoker invoker)
   at Microsoft.AspNetCore.Mvc.Infrastructure.ResourceInvoker.<InvokeAsync>g__Logged|17_1(ResourceInvoker invoker)
   at Microsoft.AspNetCore.Routing.EndpointMiddleware.<Invoke>g__AwaitRequestTask|6_0(Endpoint endpoint, Task requestTask, ILogger logger)
   at Microsoft.AspNetCore.Authorization.AuthorizationMiddleware.Invoke(HttpContext context)
   at Serilog.AspNetCore.RequestLoggingMiddleware.Invoke(HttpContext httpContext)
   at Swashbuckle.AspNetCore.SwaggerUI.SwaggerUIMiddleware.Invoke(HttpContext httpContext)
   at Swashbuckle.AspNetCore.Swagger.SwaggerMiddleware.Invoke(HttpContext httpContext, ISwaggerProvider swaggerProvider)
   at Microsoft.AspNetCore.Authentication.AuthenticationMiddleware.Invoke(HttpContext context)
   at Microsoft.AspNetCore.Diagnostics.DeveloperExceptionPageMiddlewareImpl.Invoke(HttpContext context)
2023-06-14 18:15:04.259 +02:00 [INF] Request finished HTTP/1.1 GET http://localhost:5291/rating/list - - - 500 - text/plain;+charset=utf-8 224.4764ms
2023-06-14 18:20:19.396 +02:00 [INF] Request starting HTTP/1.1 GET http://localhost:5291/rating/list - -
2023-06-14 18:20:19.436 +02:00 [INF] Executing endpoint 'Dot.Net.WebApi.Controllers.RatingController.Home (DotNetEnglishP7)'
2023-06-14 18:20:19.438 +02:00 [INF] Route matched with {action = "Home", controller = "Rating"}. Executing controller action with signature System.Threading.Tasks.Task`1[Microsoft.AspNetCore.Mvc.IActionResult] Home() on controller Dot.Net.WebApi.Controllers.RatingController (DotNetEnglishP7).
2023-06-14 18:20:23.964 +02:00 [INF] Executed DbCommand (20ms) [Parameters=[@__p_0='?' (DbType = Int32)], CommandType='"Text"', CommandTimeout='30']
SELECT TOP(1) [u].[Id], [u].[AccessFailedCount], [u].[ConcurrencyStamp], [u].[Email], [u].[EmailConfirmed], [u].[FullName], [u].[LockoutEnabled], [u].[LockoutEnd], [u].[NormalizedEmail], [u].[NormalizedUserName], [u].[PasswordHash], [u].[PhoneNumber], [u].[PhoneNumberConfirmed], [u].[SecurityStamp], [u].[TwoFactorEnabled], [u].[UserName]
FROM [Users] AS [u]
WHERE [u].[Id] = @__p_0
2023-06-14 18:20:23.965 +02:00 [ERR] An exception occurred while iterating over the results of a query for context type 'Dot.Net.WebApi.Data.LocalDbContext'.
System.InvalidOperationException: A second operation was started on this context instance before a previous operation completed. This is usually caused by different threads concurrently using the same instance of DbContext. For more information on how to avoid threading issues with DbContext, see https://go.microsoft.com/fwlink/?linkid=2097913.
   at Microsoft.EntityFrameworkCore.Infrastructure.Internal.ConcurrencyDetector.EnterCriticalSection()
   at Microsoft.EntityFrameworkCore.Query.Internal.SingleQueryingEnumerable`1.AsyncEnumerator.MoveNextAsync()
System.InvalidOperationException: A second operation was started on this context instance before a previous operation completed. This is usually caused by different threads concurrently using the same instance of DbContext. For more information on how to avoid threading issues with DbContext, see https://go.microsoft.com/fwlink/?linkid=2097913.
   at Microsoft.EntityFrameworkCore.Infrastructure.Internal.ConcurrencyDetector.EnterCriticalSection()
   at Microsoft.EntityFrameworkCore.Query.Internal.SingleQueryingEnumerable`1.AsyncEnumerator.MoveNextAsync()
2023-06-14 18:20:26.946 +02:00 [INF] Executed action Dot.Net.WebApi.Controllers.RatingController.Home (DotNetEnglishP7) in 7505.9026ms
2023-06-14 18:20:26.957 +02:00 [INF] Executed endpoint 'Dot.Net.WebApi.Controllers.RatingController.Home (DotNetEnglishP7)'
2023-06-14 18:20:26.963 +02:00 [ERR] HTTP GET /rating/list responded 500 in 7529.5490 ms
System.InvalidOperationException: A second operation was started on this context instance before a previous operation completed. This is usually caused by different threads concurrently using the same instance of DbContext. For more information on how to avoid threading issues with DbContext, see https://go.microsoft.com/fwlink/?linkid=2097913.
   at Microsoft.EntityFrameworkCore.Infrastructure.Internal.ConcurrencyDetector.EnterCriticalSection()
   at Microsoft.EntityFrameworkCore.Query.Internal.SingleQueryingEnumerable`1.AsyncEnumerator.MoveNextAsync()
   at Microsoft.EntityFrameworkCore.EntityFrameworkQueryableExtensions.ToListAsync[TSource](IQueryable`1 source, CancellationToken cancellationToken)
   at Microsoft.EntityFrameworkCore.EntityFrameworkQueryableExtensions.ToListAsync[TSource](IQueryable`1 source, CancellationToken cancellationToken)
   at DotNetEnglishP7.Repositories.RatingRepository.GetAllAsync() in C:\Users\yahya\source\repos\DotNetEnglishP7\DotNetEnglishP7\DotNetEnglishP7\Repositories\RatingRepository.cs:line 41
   at DotNetEnglishP7.Services.RatingService.GetAllAsync() in C:\Users\yahya\source\repos\DotNetEnglishP7\DotNetEnglishP7\DotNetEnglishP7\Services\RatingService.cs:line 28
   at Dot.Net.WebApi.Controllers.RatingController.Home() in C:\Users\yahya\source\repos\DotNetEnglishP7\DotNetEnglishP7\DotNetEnglishP7\Controllers\RatingController.cs:line 33
   at Microsoft.AspNetCore.Mvc.Infrastructure.ActionMethodExecutor.TaskOfIActionResultExecutor.Execute(ActionContext actionContext, IActionResultTypeMapper mapper, ObjectMethodExecutor executor, Object controller, Object[] arguments)
   at Microsoft.AspNetCore.Mvc.Infrastructure.ControllerActionInvoker.<InvokeActionMethodAsync>g__Awaited|12_0(ControllerActionInvoker invoker, ValueTask`1 actionResultValueTask)
   at Microsoft.AspNetCore.Mvc.Infrastructure.ControllerActionInvoker.<InvokeNextActionFilterAsync>g__Awaited|10_0(ControllerActionInvoker invoker, Task lastTask, State next, Scope scope, Object state, Boolean isCompleted)
   at Microsoft.AspNetCore.Mvc.Infrastructure.ControllerActionInvoker.Rethrow(ActionExecutedContextSealed context)
   at Microsoft.AspNetCore.Mvc.Infrastructure.ControllerActionInvoker.Next(State& next, Scope& scope, Object& state, Boolean& isCompleted)
   at Microsoft.AspNetCore.Mvc.Infrastructure.ControllerActionInvoker.InvokeInnerFilterAsync()
--- End of stack trace from previous location ---
   at Microsoft.AspNetCore.Mvc.Infrastructure.ResourceInvoker.<InvokeNextResourceFilter>g__Awaited|25_0(ResourceInvoker invoker, Task lastTask, State next, Scope scope, Object state, Boolean isCompleted)
   at Microsoft.AspNetCore.Mvc.Infrastructure.ResourceInvoker.Rethrow(ResourceExecutedContextSealed context)
   at Microsoft.AspNetCore.Mvc.Infrastructure.ResourceInvoker.Next(State& next, Scope& scope, Object& state, Boolean& isCompleted)
   at Microsoft.AspNetCore.Mvc.Infrastructure.ResourceInvoker.InvokeFilterPipelineAsync()
--- End of stack trace from previous location ---
   at Microsoft.AspNetCore.Mvc.Infrastructure.ResourceInvoker.<InvokeAsync>g__Logged|17_1(ResourceInvoker invoker)
   at Microsoft.AspNetCore.Mvc.Infrastructure.ResourceInvoker.<InvokeAsync>g__Logged|17_1(ResourceInvoker invoker)
   at Microsoft.AspNetCore.Routing.EndpointMiddleware.<Invoke>g__AwaitRequestTask|6_0(Endpoint endpoint, Task requestTask, ILogger logger)
   at Microsoft.AspNetCore.Authorization.AuthorizationMiddleware.Invoke(HttpContext context)
   at Serilog.AspNetCore.RequestLoggingMiddleware.Invoke(HttpContext httpContext)
2023-06-14 18:20:27.018 +02:00 [INF] 2 : /rating/list : List of Ratings retrieved successfully.
2023-06-14 18:20:27.891 +02:00 [ERR] An unhandled exception has occurred while executing the request.
System.InvalidOperationException: A second operation was started on this context instance before a previous operation completed. This is usually caused by different threads concurrently using the same instance of DbContext. For more information on how to avoid threading issues with DbContext, see https://go.microsoft.com/fwlink/?linkid=2097913.
   at Microsoft.EntityFrameworkCore.Infrastructure.Internal.ConcurrencyDetector.EnterCriticalSection()
   at Microsoft.EntityFrameworkCore.Query.Internal.SingleQueryingEnumerable`1.AsyncEnumerator.MoveNextAsync()
   at Microsoft.EntityFrameworkCore.EntityFrameworkQueryableExtensions.ToListAsync[TSource](IQueryable`1 source, CancellationToken cancellationToken)
   at Microsoft.EntityFrameworkCore.EntityFrameworkQueryableExtensions.ToListAsync[TSource](IQueryable`1 source, CancellationToken cancellationToken)
   at DotNetEnglishP7.Repositories.RatingRepository.GetAllAsync() in C:\Users\yahya\source\repos\DotNetEnglishP7\DotNetEnglishP7\DotNetEnglishP7\Repositories\RatingRepository.cs:line 41
   at DotNetEnglishP7.Services.RatingService.GetAllAsync() in C:\Users\yahya\source\repos\DotNetEnglishP7\DotNetEnglishP7\DotNetEnglishP7\Services\RatingService.cs:line 28
   at Dot.Net.WebApi.Controllers.RatingController.Home() in C:\Users\yahya\source\repos\DotNetEnglishP7\DotNetEnglishP7\DotNetEnglishP7\Controllers\RatingController.cs:line 33
   at Microsoft.AspNetCore.Mvc.Infrastructure.ActionMethodExecutor.TaskOfIActionResultExecutor.Execute(ActionContext actionContext, IActionResultTypeMapper mapper, ObjectMethodExecutor executor, Object controller, Object[] arguments)
   at Microsoft.AspNetCore.Mvc.Infrastructure.ControllerActionInvoker.<InvokeActionMethodAsync>g__Awaited|12_0(ControllerActionInvoker invoker, ValueTask`1 actionResultValueTask)
   at Microsoft.AspNetCore.Mvc.Infrastructure.ControllerActionInvoker.<InvokeNextActionFilterAsync>g__Awaited|10_0(ControllerActionInvoker invoker, Task lastTask, State next, Scope scope, Object state, Boolean isCompleted)
   at Microsoft.AspNetCore.Mvc.Infrastructure.ControllerActionInvoker.Rethrow(ActionExecutedContextSealed context)
   at Microsoft.AspNetCore.Mvc.Infrastructure.ControllerActionInvoker.Next(State& next, Scope& scope, Object& state, Boolean& isCompleted)
   at Microsoft.AspNetCore.Mvc.Infrastructure.ControllerActionInvoker.InvokeInnerFilterAsync()
--- End of stack trace from previous location ---
   at Microsoft.AspNetCore.Mvc.Infrastructure.ResourceInvoker.<InvokeNextResourceFilter>g__Awaited|25_0(ResourceInvoker invoker, Task lastTask, State next, Scope scope, Object state, Boolean isCompleted)
   at Microsoft.AspNetCore.Mvc.Infrastructure.ResourceInvoker.Rethrow(ResourceExecutedContextSealed context)
   at Microsoft.AspNetCore.Mvc.Infrastructure.ResourceInvoker.Next(State& next, Scope& scope, Object& state, Boolean& isCompleted)
   at Microsoft.AspNetCore.Mvc.Infrastructure.ResourceInvoker.InvokeFilterPipelineAsync()
--- End of stack trace from previous location ---
   at Microsoft.AspNetCore.Mvc.Infrastructure.ResourceInvoker.<InvokeAsync>g__Logged|17_1(ResourceInvoker invoker)
   at Microsoft.AspNetCore.Mvc.Infrastructure.ResourceInvoker.<InvokeAsync>g__Logged|17_1(ResourceInvoker invoker)
   at Microsoft.AspNetCore.Routing.EndpointMiddleware.<Invoke>g__AwaitRequestTask|6_0(Endpoint endpoint, Task requestTask, ILogger logger)
   at Microsoft.AspNetCore.Authorization.AuthorizationMiddleware.Invoke(HttpContext context)
   at Serilog.AspNetCore.RequestLoggingMiddleware.Invoke(HttpContext httpContext)
   at Swashbuckle.AspNetCore.SwaggerUI.SwaggerUIMiddleware.Invoke(HttpContext httpContext)
   at Swashbuckle.AspNetCore.Swagger.SwaggerMiddleware.Invoke(HttpContext httpContext, ISwaggerProvider swaggerProvider)
   at Microsoft.AspNetCore.Authentication.AuthenticationMiddleware.Invoke(HttpContext context)
   at Microsoft.AspNetCore.Diagnostics.DeveloperExceptionPageMiddlewareImpl.Invoke(HttpContext context)
2023-06-14 18:20:27.902 +02:00 [INF] Request finished HTTP/1.1 GET http://localhost:5291/rating/list - - - 500 - text/plain;+charset=utf-8 8506.1558ms
2023-06-14 18:20:37.181 +02:00 [INF] Request starting HTTP/1.1 GET http://localhost:5291/rating/list - -
2023-06-14 18:20:37.224 +02:00 [INF] Executing endpoint 'Dot.Net.WebApi.Controllers.RatingController.Home (DotNetEnglishP7)'
2023-06-14 18:20:37.229 +02:00 [INF] Route matched with {action = "Home", controller = "Rating"}. Executing controller action with signature System.Threading.Tasks.Task`1[Microsoft.AspNetCore.Mvc.IActionResult] Home() on controller Dot.Net.WebApi.Controllers.RatingController (DotNetEnglishP7).
2023-06-14 18:20:42.926 +02:00 [INF] Executed DbCommand (3,986ms) [Parameters=[@__p_0='?' (DbType = Int32)], CommandType='"Text"', CommandTimeout='30']
SELECT TOP(1) [u].[Id], [u].[AccessFailedCount], [u].[ConcurrencyStamp], [u].[Email], [u].[EmailConfirmed], [u].[FullName], [u].[LockoutEnabled], [u].[LockoutEnd], [u].[NormalizedEmail], [u].[NormalizedUserName], [u].[PasswordHash], [u].[PhoneNumber], [u].[PhoneNumberConfirmed], [u].[SecurityStamp], [u].[TwoFactorEnabled], [u].[UserName]
FROM [Users] AS [u]
WHERE [u].[Id] = @__p_0
2023-06-14 18:20:47.282 +02:00 [INF] 2 : /rating/list : List of Ratings retrieved successfully.
2023-06-14 18:20:49.679 +02:00 [INF] Executed DbCommand (29ms) [Parameters=[], CommandType='"Text"', CommandTimeout='30']
SELECT [r].[Id], [r].[FitchRating], [r].[MoodysRating], [r].[OrderNumber], [r].[SandPRating]
FROM [Ratings] AS [r]
2023-06-14 18:20:53.390 +02:00 [INF] Executing OkObjectResult, writing value of type 'System.Collections.Generic.List`1[[Dot.Net.WebApi.Domain.Rating, DotNetEnglishP7, Version=1.0.0.0, Culture=neutral, PublicKeyToken=null]]'.
2023-06-14 18:20:53.436 +02:00 [INF] Executed action Dot.Net.WebApi.Controllers.RatingController.Home (DotNetEnglishP7) in 16200.8363ms
2023-06-14 18:20:53.437 +02:00 [INF] Executed endpoint 'Dot.Net.WebApi.Controllers.RatingController.Home (DotNetEnglishP7)'
2023-06-14 18:20:53.438 +02:00 [INF] HTTP GET /rating/list responded 200 in 16215.2175 ms
2023-06-14 18:20:53.439 +02:00 [INF] Request finished HTTP/1.1 GET http://localhost:5291/rating/list - - - 200 - application/json;+charset=utf-8 16297.7167ms
2023-06-14 18:20:58.540 +02:00 [INF] Request starting HTTP/1.1 GET http://localhost:5291/rating/list - -
2023-06-14 18:20:58.551 +02:00 [INF] Executing endpoint 'Dot.Net.WebApi.Controllers.RatingController.Home (DotNetEnglishP7)'
2023-06-14 18:20:58.553 +02:00 [INF] Route matched with {action = "Home", controller = "Rating"}. Executing controller action with signature System.Threading.Tasks.Task`1[Microsoft.AspNetCore.Mvc.IActionResult] Home() on controller Dot.Net.WebApi.Controllers.RatingController (DotNetEnglishP7).
2023-06-14 18:21:01.800 +02:00 [INF] Executed DbCommand (967ms) [Parameters=[@__p_0='?' (DbType = Int32)], CommandType='"Text"', CommandTimeout='30']
SELECT TOP(1) [u].[Id], [u].[AccessFailedCount], [u].[ConcurrencyStamp], [u].[Email], [u].[EmailConfirmed], [u].[FullName], [u].[LockoutEnabled], [u].[LockoutEnd], [u].[NormalizedEmail], [u].[NormalizedUserName], [u].[PasswordHash], [u].[PhoneNumber], [u].[PhoneNumberConfirmed], [u].[SecurityStamp], [u].[TwoFactorEnabled], [u].[UserName]
FROM [Users] AS [u]
WHERE [u].[Id] = @__p_0
2023-06-14 18:21:09.181 +02:00 [INF] Executed DbCommand (3,927ms) [Parameters=[], CommandType='"Text"', CommandTimeout='30']
SELECT [r].[Id], [r].[FitchRating], [r].[MoodysRating], [r].[OrderNumber], [r].[SandPRating]
FROM [Ratings] AS [r]
2023-06-14 18:27:11.809 +02:00 [INF] User profile is available. Using 'C:\Users\yahya\AppData\Local\ASP.NET\DataProtection-Keys' as key repository and Windows DPAPI to encrypt keys at rest.
2023-06-14 18:27:12.156 +02:00 [INF] Now listening on: http://localhost:5291
2023-06-14 18:27:12.159 +02:00 [INF] Application started. Press Ctrl+C to shut down.
2023-06-14 18:27:12.160 +02:00 [INF] Hosting environment: Development
2023-06-14 18:27:12.161 +02:00 [INF] Content root path: C:\Users\yahya\source\repos\DotNetEnglishP7\DotNetEnglishP7\DotNetEnglishP7
2023-06-14 18:27:15.510 +02:00 [INF] Request starting HTTP/1.1 GET http://localhost:5291/swagger/index.html - -
2023-06-14 18:27:17.006 +02:00 [INF] Request finished HTTP/1.1 GET http://localhost:5291/swagger/index.html - - - 200 - text/html;charset=utf-8 1498.7737ms
2023-06-14 18:27:17.090 +02:00 [INF] Request starting HTTP/1.1 GET http://localhost:5291/_vs/browserLink - -
2023-06-14 18:27:17.996 +02:00 [INF] Request starting HTTP/1.1 GET http://localhost:5291/_framework/aspnetcore-browser-refresh.js - -
2023-06-14 18:27:18.033 +02:00 [INF] Request finished HTTP/1.1 GET http://localhost:5291/_framework/aspnetcore-browser-refresh.js - - - 200 12000 application/javascript;+charset=utf-8 36.5150ms
2023-06-14 18:27:18.478 +02:00 [INF] Request finished HTTP/1.1 GET http://localhost:5291/_vs/browserLink - - - 200 - text/javascript;+charset=UTF-8 1387.7092ms
2023-06-14 18:27:18.516 +02:00 [INF] Request starting HTTP/1.1 GET http://localhost:5291/swagger/v1/swagger.json - -
2023-06-14 18:27:19.126 +02:00 [INF] Request finished HTTP/1.1 GET http://localhost:5291/swagger/v1/swagger.json - - - 200 - application/json;charset=utf-8 609.9309ms
2023-06-14 18:27:41.632 +02:00 [INF] Request starting HTTP/1.1 POST http://localhost:5291/user/login application/json 50
2023-06-14 18:27:41.671 +02:00 [WRN] Failed to determine the https port for redirect.
2023-06-14 18:27:41.677 +02:00 [INF] Executing endpoint 'Dot.Net.WebApi.Controllers.UserController.Login (DotNetEnglishP7)'
2023-06-14 18:27:41.731 +02:00 [INF] Route matched with {action = "Login", controller = "User"}. Executing controller action with signature System.Threading.Tasks.Task`1[Microsoft.AspNetCore.Mvc.IActionResult] Login(DotNetEnglishP7.Identity.LoginUser) on controller Dot.Net.WebApi.Controllers.UserController (DotNetEnglishP7).
2023-06-14 18:27:43.288 +02:00 [INF] Executed DbCommand (115ms) [Parameters=[@__normalizedUserName_0='?' (Size = 256)], CommandType='"Text"', CommandTimeout='30']
SELECT TOP(1) [u].[Id], [u].[AccessFailedCount], [u].[ConcurrencyStamp], [u].[Email], [u].[EmailConfirmed], [u].[FullName], [u].[LockoutEnabled], [u].[LockoutEnd], [u].[NormalizedEmail], [u].[NormalizedUserName], [u].[PasswordHash], [u].[PhoneNumber], [u].[PhoneNumberConfirmed], [u].[SecurityStamp], [u].[TwoFactorEnabled], [u].[UserName]
FROM [Users] AS [u]
WHERE [u].[NormalizedUserName] = @__normalizedUserName_0
2023-06-14 18:27:43.318 +02:00 [ERR] UNKNOWN : /user/login : Username or password incorrect.
2023-06-14 18:27:43.330 +02:00 [INF] Executing UnauthorizedObjectResult, writing value of type 'System.String'.
2023-06-14 18:27:43.337 +02:00 [INF] Executed action Dot.Net.WebApi.Controllers.UserController.Login (DotNetEnglishP7) in 1601.9205ms
2023-06-14 18:27:43.338 +02:00 [INF] Executed endpoint 'Dot.Net.WebApi.Controllers.UserController.Login (DotNetEnglishP7)'
2023-06-14 18:27:43.340 +02:00 [INF] HTTP POST /user/login responded 401 in 1673.8419 ms
2023-06-14 18:27:43.350 +02:00 [INF] Request finished HTTP/1.1 POST http://localhost:5291/user/login application/json 50 - 401 - text/plain;+charset=utf-8 1720.4762ms
2023-06-14 18:27:47.569 +02:00 [INF] Request starting HTTP/1.1 POST http://localhost:5291/user/login application/json 55
2023-06-14 18:27:47.574 +02:00 [INF] Executing endpoint 'Dot.Net.WebApi.Controllers.UserController.Login (DotNetEnglishP7)'
2023-06-14 18:27:47.577 +02:00 [INF] Route matched with {action = "Login", controller = "User"}. Executing controller action with signature System.Threading.Tasks.Task`1[Microsoft.AspNetCore.Mvc.IActionResult] Login(DotNetEnglishP7.Identity.LoginUser) on controller Dot.Net.WebApi.Controllers.UserController (DotNetEnglishP7).
2023-06-14 18:27:47.617 +02:00 [INF] Executed DbCommand (6ms) [Parameters=[@__normalizedUserName_0='?' (Size = 256)], CommandType='"Text"', CommandTimeout='30']
SELECT TOP(1) [u].[Id], [u].[AccessFailedCount], [u].[ConcurrencyStamp], [u].[Email], [u].[EmailConfirmed], [u].[FullName], [u].[LockoutEnabled], [u].[LockoutEnd], [u].[NormalizedEmail], [u].[NormalizedUserName], [u].[PasswordHash], [u].[PhoneNumber], [u].[PhoneNumberConfirmed], [u].[SecurityStamp], [u].[TwoFactorEnabled], [u].[UserName]
FROM [Users] AS [u]
WHERE [u].[NormalizedUserName] = @__normalizedUserName_0
2023-06-14 18:27:47.794 +02:00 [INF] Executed DbCommand (5ms) [Parameters=[@__user_Id_0='?' (DbType = Int32)], CommandType='"Text"', CommandTimeout='30']
SELECT [a].[Id], [a].[ClaimType], [a].[ClaimValue], [a].[UserId]
FROM [AspNetUserClaims] AS [a]
WHERE [a].[UserId] = @__user_Id_0
2023-06-14 18:27:47.817 +02:00 [INF] Executed DbCommand (4ms) [Parameters=[@__userId_0='?' (DbType = Int32)], CommandType='"Text"', CommandTimeout='30']
SELECT [a0].[Name]
FROM [AspNetUserRoles] AS [a]
INNER JOIN [AspNetRoles] AS [a0] ON [a].[RoleId] = [a0].[Id]
WHERE [a].[UserId] = @__userId_0
2023-06-14 18:27:47.828 +02:00 [INF] AuthenticationScheme: Identity.Application signed in.
2023-06-14 18:27:47.830 +02:00 [INF] UNKNOWN : /user/login : User logged successfully.
2023-06-14 18:27:47.832 +02:00 [INF] Executing StatusCodeResult, setting HTTP status code 200
2023-06-14 18:27:47.833 +02:00 [INF] Executed action Dot.Net.WebApi.Controllers.UserController.Login (DotNetEnglishP7) in 254.6348ms
2023-06-14 18:27:47.834 +02:00 [INF] Executed endpoint 'Dot.Net.WebApi.Controllers.UserController.Login (DotNetEnglishP7)'
2023-06-14 18:27:47.834 +02:00 [INF] HTTP POST /user/login responded 200 in 260.6522 ms
2023-06-14 18:27:47.839 +02:00 [INF] Request finished HTTP/1.1 POST http://localhost:5291/user/login application/json 55 - 200 0 - 269.1948ms
2023-06-14 18:27:53.189 +02:00 [INF] Request starting HTTP/1.1 GET http://localhost:5291/curvePoint/list - -
2023-06-14 18:27:53.205 +02:00 [INF] Executing endpoint 'Dot.Net.WebApi.Controllers.CurveController.Home (DotNetEnglishP7)'
2023-06-14 18:27:53.207 +02:00 [INF] Route matched with {action = "Home", controller = "Curve"}. Executing controller action with signature System.Threading.Tasks.Task`1[Microsoft.AspNetCore.Mvc.IActionResult] Home() on controller Dot.Net.WebApi.Controllers.CurveController (DotNetEnglishP7).
2023-06-14 18:27:53.233 +02:00 [INF] Executed DbCommand (6ms) [Parameters=[@__p_0='?' (DbType = Int32)], CommandType='"Text"', CommandTimeout='30']
SELECT TOP(1) [u].[Id], [u].[AccessFailedCount], [u].[ConcurrencyStamp], [u].[Email], [u].[EmailConfirmed], [u].[FullName], [u].[LockoutEnabled], [u].[LockoutEnd], [u].[NormalizedEmail], [u].[NormalizedUserName], [u].[PasswordHash], [u].[PhoneNumber], [u].[PhoneNumberConfirmed], [u].[SecurityStamp], [u].[TwoFactorEnabled], [u].[UserName]
FROM [Users] AS [u]
WHERE [u].[Id] = @__p_0
2023-06-14 18:27:53.236 +02:00 [INF] 2 : /curvePoint/list : List of Curves retrieved successfully.
2023-06-14 18:27:53.274 +02:00 [INF] Executed DbCommand (33ms) [Parameters=[], CommandType='"Text"', CommandTimeout='30']
SELECT [c].[Id], [c].[AsOfDate], [c].[CreationDate], [c].[CurvePointId], [c].[Term], [c].[Value]
FROM [CurvePoints] AS [c]
2023-06-14 18:27:53.276 +02:00 [INF] Executing OkObjectResult, writing value of type 'System.Collections.Generic.List`1[[Dot.Net.WebApi.Domain.CurvePoint, DotNetEnglishP7, Version=1.0.0.0, Culture=neutral, PublicKeyToken=null]]'.
2023-06-14 18:27:53.288 +02:00 [INF] Executed action Dot.Net.WebApi.Controllers.CurveController.Home (DotNetEnglishP7) in 79.6032ms
2023-06-14 18:27:53.289 +02:00 [INF] Executed endpoint 'Dot.Net.WebApi.Controllers.CurveController.Home (DotNetEnglishP7)'
2023-06-14 18:27:53.290 +02:00 [INF] HTTP GET /curvePoint/list responded 200 in 87.7366 ms
2023-06-14 18:27:53.291 +02:00 [INF] Request finished HTTP/1.1 GET http://localhost:5291/curvePoint/list - - - 200 - application/json;+charset=utf-8 102.2128ms
2023-06-14 18:27:57.966 +02:00 [INF] Request starting HTTP/1.1 GET http://localhost:5291/bidList/list - -
2023-06-14 18:27:57.971 +02:00 [INF] Executing endpoint 'Dot.Net.WebApi.Controllers.BidListController.Home (DotNetEnglishP7)'
2023-06-14 18:27:57.977 +02:00 [INF] Route matched with {action = "Home", controller = "BidList"}. Executing controller action with signature System.Threading.Tasks.Task`1[Microsoft.AspNetCore.Mvc.IActionResult] Home() on controller Dot.Net.WebApi.Controllers.BidListController (DotNetEnglishP7).
2023-06-14 18:27:57.988 +02:00 [INF] Executed DbCommand (5ms) [Parameters=[@__p_0='?' (DbType = Int32)], CommandType='"Text"', CommandTimeout='30']
SELECT TOP(1) [u].[Id], [u].[AccessFailedCount], [u].[ConcurrencyStamp], [u].[Email], [u].[EmailConfirmed], [u].[FullName], [u].[LockoutEnabled], [u].[LockoutEnd], [u].[NormalizedEmail], [u].[NormalizedUserName], [u].[PasswordHash], [u].[PhoneNumber], [u].[PhoneNumberConfirmed], [u].[SecurityStamp], [u].[TwoFactorEnabled], [u].[UserName]
FROM [Users] AS [u]
WHERE [u].[Id] = @__p_0
2023-06-14 18:27:57.990 +02:00 [INF] 2 : /bidList/list : List of BidList retrieved successfully.
2023-06-14 18:27:58.022 +02:00 [INF] Executed DbCommand (20ms) [Parameters=[], CommandType='"Text"', CommandTimeout='30']
SELECT [b].[Id], [b].[Account], [b].[Ask], [b].[AskQuantity], [b].[Benchmark], [b].[Bid], [b].[BidListDate], [b].[BidQuantity], [b].[Book], [b].[Commentary], [b].[CreationDate], [b].[CreationName], [b].[DealName], [b].[DealType], [b].[RevisionDate], [b].[RevisionName], [b].[Security], [b].[Side], [b].[SourceListId], [b].[Status], [b].[Trader], [b].[Type]
FROM [BidLists] AS [b]
2023-06-14 18:27:58.024 +02:00 [INF] Executing OkObjectResult, writing value of type 'System.Collections.Generic.List`1[[Dot.Net.WebApi.Domain.BidList, DotNetEnglishP7, Version=1.0.0.0, Culture=neutral, PublicKeyToken=null]]'.
2023-06-14 18:27:58.027 +02:00 [INF] Executed action Dot.Net.WebApi.Controllers.BidListController.Home (DotNetEnglishP7) in 47.916ms
2023-06-14 18:27:58.028 +02:00 [INF] Executed endpoint 'Dot.Net.WebApi.Controllers.BidListController.Home (DotNetEnglishP7)'
2023-06-14 18:27:58.029 +02:00 [INF] HTTP GET /bidList/list responded 200 in 59.7375 ms
2023-06-14 18:27:58.030 +02:00 [INF] Request finished HTTP/1.1 GET http://localhost:5291/bidList/list - - - 200 - application/json;+charset=utf-8 64.5934ms
2023-06-14 18:28:06.823 +02:00 [INF] Request starting HTTP/1.1 GET http://localhost:5291/user/list - -
2023-06-14 18:28:06.830 +02:00 [INF] Executing endpoint 'Dot.Net.WebApi.Controllers.UserController.Home (DotNetEnglishP7)'
2023-06-14 18:28:06.833 +02:00 [INF] Route matched with {action = "Home", controller = "User"}. Executing controller action with signature System.Threading.Tasks.Task`1[Microsoft.AspNetCore.Mvc.IActionResult] Home() on controller Dot.Net.WebApi.Controllers.UserController (DotNetEnglishP7).
2023-06-14 18:28:06.975 +02:00 [INF] Executed DbCommand (6ms) [Parameters=[], CommandType='"Text"', CommandTimeout='30']
SELECT [u].[Id], [u].[AccessFailedCount], [u].[ConcurrencyStamp], [u].[Email], [u].[EmailConfirmed], [u].[FullName], [u].[LockoutEnabled], [u].[LockoutEnd], [u].[NormalizedEmail], [u].[NormalizedUserName], [u].[PasswordHash], [u].[PhoneNumber], [u].[PhoneNumberConfirmed], [u].[SecurityStamp], [u].[TwoFactorEnabled], [u].[UserName]
FROM [Users] AS [u]
2023-06-14 18:28:07.032 +02:00 [INF] 2 : /user/list : List of users retrieved successfully.
2023-06-14 18:28:07.033 +02:00 [INF] Executing OkObjectResult, writing value of type 'System.Collections.Generic.List`1[[DotNetEnglishP7.Domain.User, DotNetEnglishP7, Version=1.0.0.0, Culture=neutral, PublicKeyToken=null]]'.
2023-06-14 18:28:07.035 +02:00 [INF] Executed action Dot.Net.WebApi.Controllers.UserController.Home (DotNetEnglishP7) in 200.9302ms
2023-06-14 18:28:07.037 +02:00 [INF] Executed endpoint 'Dot.Net.WebApi.Controllers.UserController.Home (DotNetEnglishP7)'
2023-06-14 18:28:07.038 +02:00 [INF] HTTP GET /user/list responded 200 in 207.8742 ms
2023-06-14 18:28:07.039 +02:00 [INF] Request finished HTTP/1.1 GET http://localhost:5291/user/list - - - 200 - application/json;+charset=utf-8 215.4042ms
2023-06-14 18:28:17.778 +02:00 [INF] Request starting HTTP/1.1 GET http://localhost:5291/curvePoint/3 - -
2023-06-14 18:28:17.784 +02:00 [INF] Executing endpoint 'Dot.Net.WebApi.Controllers.CurveController.GetById (DotNetEnglishP7)'
2023-06-14 18:28:17.800 +02:00 [INF] Route matched with {action = "GetById", controller = "Curve"}. Executing controller action with signature System.Threading.Tasks.Task`1[Microsoft.AspNetCore.Mvc.IActionResult] GetById(Int32) on controller Dot.Net.WebApi.Controllers.CurveController (DotNetEnglishP7).
2023-06-14 18:28:17.827 +02:00 [INF] Executed DbCommand (17ms) [Parameters=[@__id_0='?' (DbType = Int32)], CommandType='"Text"', CommandTimeout='30']
SELECT TOP(1) [c].[Id], [c].[AsOfDate], [c].[CreationDate], [c].[CurvePointId], [c].[Term], [c].[Value]
FROM [CurvePoints] AS [c]
WHERE [c].[Id] = @__id_0
2023-06-14 18:28:17.834 +02:00 [INF] Executed DbCommand (4ms) [Parameters=[@__p_0='?' (DbType = Int32)], CommandType='"Text"', CommandTimeout='30']
SELECT TOP(1) [u].[Id], [u].[AccessFailedCount], [u].[ConcurrencyStamp], [u].[Email], [u].[EmailConfirmed], [u].[FullName], [u].[LockoutEnabled], [u].[LockoutEnd], [u].[NormalizedEmail], [u].[NormalizedUserName], [u].[PasswordHash], [u].[PhoneNumber], [u].[PhoneNumberConfirmed], [u].[SecurityStamp], [u].[TwoFactorEnabled], [u].[UserName]
FROM [Users] AS [u]
WHERE [u].[Id] = @__p_0
2023-06-14 18:28:17.836 +02:00 [ERR] 2 : /curvePoint/3 : Curve 3 not found.
2023-06-14 18:28:17.837 +02:00 [INF] Executing StatusCodeResult, setting HTTP status code 404
2023-06-14 18:28:17.838 +02:00 [INF] Executed action Dot.Net.WebApi.Controllers.CurveController.GetById (DotNetEnglishP7) in 36.5812ms
2023-06-14 18:28:17.838 +02:00 [INF] Executed endpoint 'Dot.Net.WebApi.Controllers.CurveController.GetById (DotNetEnglishP7)'
2023-06-14 18:28:17.839 +02:00 [INF] HTTP GET /curvePoint/3 responded 404 in 54.6234 ms
2023-06-14 18:28:17.840 +02:00 [INF] Request finished HTTP/1.1 GET http://localhost:5291/curvePoint/3 - - - 404 0 - 62.1360ms
