2023-06-20 17:30:43.986 +02:00 [INF] User profile is available. Using 'C:\Users\yahya\AppData\Local\ASP.NET\DataProtection-Keys' as key repository and Windows DPAPI to encrypt keys at rest.
2023-06-20 17:30:45.040 +02:00 [INF] Now listening on: http://localhost:5291
2023-06-20 17:30:45.087 +02:00 [INF] Application started. Press Ctrl+C to shut down.
2023-06-20 17:30:45.110 +02:00 [INF] Hosting environment: Development
2023-06-20 17:30:45.113 +02:00 [INF] Content root path: C:\Users\yahya\source\repos\DotNetEnglishP7\DotNetEnglishP7\DotNetEnglishP7
2023-06-20 17:30:52.539 +02:00 [INF] Request starting HTTP/1.1 GET http://localhost:5291/swagger/index.html - -
2023-06-20 17:30:54.770 +02:00 [INF] Request finished HTTP/1.1 GET http://localhost:5291/swagger/index.html - - - 200 - text/html;charset=utf-8 2231.6880ms
2023-06-20 17:30:54.945 +02:00 [INF] Request starting HTTP/1.1 GET http://localhost:5291/swagger/swagger-ui.css - -
2023-06-20 17:30:54.945 +02:00 [INF] Request starting HTTP/1.1 GET http://localhost:5291/swagger/swagger-ui-bundle.js - -
2023-06-20 17:30:55.191 +02:00 [INF] Request starting HTTP/1.1 GET http://localhost:5291/swagger/swagger-ui-standalone-preset.js - -
2023-06-20 17:30:55.191 +02:00 [INF] Request starting HTTP/1.1 GET http://localhost:5291/_vs/browserLink - -
2023-06-20 17:30:55.204 +02:00 [INF] Request starting HTTP/1.1 GET http://localhost:5291/_framework/aspnetcore-browser-refresh.js - -
2023-06-20 17:30:55.257 +02:00 [INF] Request finished HTTP/1.1 GET http://localhost:5291/_framework/aspnetcore-browser-refresh.js - - - 200 12000 application/javascript;+charset=utf-8 52.6585ms
2023-06-20 17:30:55.300 +02:00 [INF] The file /swagger-ui-standalone-preset.js was not modified
2023-06-20 17:30:55.301 +02:00 [INF] The file /swagger-ui.css was not modified
2023-06-20 17:30:55.302 +02:00 [INF] The file /swagger-ui-bundle.js was not modified
2023-06-20 17:30:55.304 +02:00 [INF] Request finished HTTP/1.1 GET http://localhost:5291/swagger/swagger-ui-standalone-preset.js - - - 304 - text/javascript 113.6522ms
2023-06-20 17:30:55.310 +02:00 [INF] Request finished HTTP/1.1 GET http://localhost:5291/swagger/swagger-ui.css - - - 304 - text/css 365.2182ms
2023-06-20 17:30:55.320 +02:00 [INF] Request finished HTTP/1.1 GET http://localhost:5291/swagger/swagger-ui-bundle.js - - - 304 - text/javascript 374.8098ms
2023-06-20 17:30:56.002 +02:00 [INF] Request finished HTTP/1.1 GET http://localhost:5291/_vs/browserLink - - - 200 - text/javascript;+charset=UTF-8 809.9481ms
2023-06-20 17:30:56.205 +02:00 [INF] Request starting HTTP/1.1 GET http://localhost:5291/swagger/v1/swagger.json - -
2023-06-20 17:30:56.425 +02:00 [INF] Request finished HTTP/1.1 GET http://localhost:5291/swagger/v1/swagger.json - - - 200 - application/json;charset=utf-8 220.3747ms
2023-06-20 17:30:56.784 +02:00 [INF] Request starting HTTP/1.1 GET http://localhost:5291/swagger/favicon-32x32.png - -
2023-06-20 17:30:57.203 +02:00 [INF] The file /favicon-32x32.png was not modified
2023-06-20 17:30:57.226 +02:00 [INF] Request finished HTTP/1.1 GET http://localhost:5291/swagger/favicon-32x32.png - - - 304 - image/png 442.0055ms
2023-06-20 17:33:26.672 +02:00 [INF] Request starting HTTP/1.1 POST http://localhost:5291/user/login application/json 55
2023-06-20 17:33:26.708 +02:00 [WRN] Failed to determine the https port for redirect.
2023-06-20 17:33:26.775 +02:00 [INF] Executing endpoint 'Dot.Net.WebApi.Controllers.UserController.Login (DotNetEnglishP7)'
2023-06-20 17:33:26.870 +02:00 [INF] Route matched with {action = "Login", controller = "User"}. Executing controller action with signature System.Threading.Tasks.Task`1[Microsoft.AspNetCore.Mvc.IActionResult] Login(DotNetEnglishP7.Identity.LoginUser) on controller Dot.Net.WebApi.Controllers.UserController (DotNetEnglishP7).
2023-06-20 17:33:30.475 +02:00 [INF] Executed DbCommand (165ms) [Parameters=[@__normalizedUserName_0='?' (Size = 256)], CommandType='"Text"', CommandTimeout='30']
SELECT TOP(1) [u].[Id], [u].[AccessFailedCount], [u].[ConcurrencyStamp], [u].[Email], [u].[EmailConfirmed], [u].[FullName], [u].[LockoutEnabled], [u].[LockoutEnd], [u].[NormalizedEmail], [u].[NormalizedUserName], [u].[PasswordHash], [u].[PhoneNumber], [u].[PhoneNumberConfirmed], [u].[SecurityStamp], [u].[TwoFactorEnabled], [u].[UserName]
FROM [Users] AS [u]
WHERE [u].[NormalizedUserName] = @__normalizedUserName_0
2023-06-20 17:33:31.263 +02:00 [INF] Executed DbCommand (52ms) [Parameters=[@__user_Id_0='?' (DbType = Int32)], CommandType='"Text"', CommandTimeout='30']
SELECT [a].[Id], [a].[ClaimType], [a].[ClaimValue], [a].[UserId]
FROM [AspNetUserClaims] AS [a]
WHERE [a].[UserId] = @__user_Id_0
2023-06-20 17:33:31.335 +02:00 [INF] Executed DbCommand (21ms) [Parameters=[@__userId_0='?' (DbType = Int32)], CommandType='"Text"', CommandTimeout='30']
SELECT [a0].[Name]
FROM [AspNetUserRoles] AS [a]
INNER JOIN [AspNetRoles] AS [a0] ON [a].[RoleId] = [a0].[Id]
WHERE [a].[UserId] = @__userId_0
2023-06-20 17:33:31.374 +02:00 [INF] AuthenticationScheme: Identity.Application signed in.
2023-06-20 17:33:31.383 +02:00 [INF] UNKNOWN : /user/login : User logged successfully.
2023-06-20 17:33:31.395 +02:00 [INF] Executing StatusCodeResult, setting HTTP status code 200
2023-06-20 17:33:31.404 +02:00 [INF] Executed action Dot.Net.WebApi.Controllers.UserController.Login (DotNetEnglishP7) in 4525.1975ms
2023-06-20 17:33:31.406 +02:00 [INF] Executed endpoint 'Dot.Net.WebApi.Controllers.UserController.Login (DotNetEnglishP7)'
2023-06-20 17:33:31.409 +02:00 [INF] HTTP POST /user/login responded 200 in 4721.3047 ms
2023-06-20 17:33:31.423 +02:00 [INF] Request finished HTTP/1.1 POST http://localhost:5291/user/login application/json 55 - 200 0 - 4751.6729ms
2023-06-20 17:33:38.332 +02:00 [INF] Request starting HTTP/1.1 GET http://localhost:5291/trade/list - -
2023-06-20 17:33:38.452 +02:00 [INF] Executing endpoint 'Dot.Net.WebApi.Controllers.TradeController.Home (DotNetEnglishP7)'
2023-06-20 17:33:38.494 +02:00 [INF] Route matched with {action = "Home", controller = "Trade"}. Executing controller action with signature System.Threading.Tasks.Task`1[Microsoft.AspNetCore.Mvc.IActionResult] Home() on controller Dot.Net.WebApi.Controllers.TradeController (DotNetEnglishP7).
2023-06-20 17:33:38.911 +02:00 [INF] Executed DbCommand (78ms) [Parameters=[@__p_0='?' (DbType = Int32)], CommandType='"Text"', CommandTimeout='30']
SELECT TOP(1) [u].[Id], [u].[AccessFailedCount], [u].[ConcurrencyStamp], [u].[Email], [u].[EmailConfirmed], [u].[FullName], [u].[LockoutEnabled], [u].[LockoutEnd], [u].[NormalizedEmail], [u].[NormalizedUserName], [u].[PasswordHash], [u].[PhoneNumber], [u].[PhoneNumberConfirmed], [u].[SecurityStamp], [u].[TwoFactorEnabled], [u].[UserName]
FROM [Users] AS [u]
WHERE [u].[Id] = @__p_0
2023-06-20 17:33:38.916 +02:00 [INF] 2 : /trade/list : List of Trades retrieved successfully.
2023-06-20 17:33:38.946 +02:00 [INF] Executed DbCommand (15ms) [Parameters=[], CommandType='"Text"', CommandTimeout='30']
SELECT [t].[Id], [t].[Account], [t].[Benchmark], [t].[Book], [t].[BuyPrice], [t].[BuyQuantity], [t].[CreationDate], [t].[CreationName], [t].[DealName], [t].[DealType], [t].[RevisionDate], [t].[RevisionName], [t].[Security], [t].[SellPrice], [t].[SellQuantity], [t].[Side], [t].[SourceListId], [t].[Status], [t].[TradeDate], [t].[Trader], [t].[Type]
FROM [Trades] AS [t]
2023-06-20 17:33:38.981 +02:00 [INF] Executing OkObjectResult, writing value of type 'System.Collections.Generic.List`1[[Dot.Net.WebApi.Domain.Trade, DotNetEnglishP7, Version=1.0.0.0, Culture=neutral, PublicKeyToken=null]]'.
2023-06-20 17:33:39.013 +02:00 [INF] Executed action Dot.Net.WebApi.Controllers.TradeController.Home (DotNetEnglishP7) in 517.005ms
2023-06-20 17:33:39.015 +02:00 [INF] Executed endpoint 'Dot.Net.WebApi.Controllers.TradeController.Home (DotNetEnglishP7)'
2023-06-20 17:33:39.017 +02:00 [INF] HTTP GET /trade/list responded 200 in 589.6450 ms
2023-06-20 17:33:39.027 +02:00 [INF] Request finished HTTP/1.1 GET http://localhost:5291/trade/list - - - 200 - application/json;+charset=utf-8 698.3959ms
